<?xml version="1.0" encoding="UTF-8" ?>
<testsuite tests="44" failures="0" name="com.bupaupgrade.testrunner.TestRunner" time="32.874" errors="0" skipped="0">
  <properties>
    <property name="JOB_NAME" value="MySampleTestJob"/>
    <property name="java.vendor" value="Oracle Corporation"/>
    <property name="sun.java.launcher" value="SUN_STANDARD"/>
    <property name="RUN_TESTS_DISPLAY_URL" value="http://localhost:8080/job/MySampleTestJob/12/display/redirect?page=tests"/>
    <property name="NUMBER_OF_PROCESSORS" value="4"/>
    <property name="sun.management.compiler" value="HotSpot 64-Bit Tiered Compilers"/>
    <property name="JENKINS_HOME" value="C:\Users\Administrator\.jenkins"/>
    <property name="FPS_BROWSER_USER_PROFILE_STRING" value="Default"/>
    <property name="HUDSON_SERVER_COOKIE" value="1ce6f7612cb12531"/>
    <property name="POM_ARTIFACTID" value="BupaAutomation"/>
    <property name="os.name" value="Windows 10"/>
    <property name="EXECUTOR_NUMBER" value="0"/>
    <property name="sun.desktop" value="windows"/>
    <property name="PATHEXT" value=".COM;.EXE;.BAT;.CMD;.VBS;.VBE;.JS;.JSE;.WSF;.WSH;.MSC;.PY;.PYW"/>
    <property name="POM_DISPLAYNAME" value="BupaAutomation"/>
    <property name="java.vm.specification.vendor" value="Oracle Corporation"/>
    <property name="TEMP" value="C:\Users\ADMINI~1\AppData\Local\Temp"/>
    <property name="NODE_LABELS" value="master"/>
    <property name="java.runtime.version" value="11.0.8+10-LTS"/>
    <property name="FPS_BROWSER_APP_PROFILE_STRING" value="Internet Explorer"/>
    <property name="user.name" value="Administrator"/>
    <property name="guice.disable.misplaced.annotation.check" value="true"/>
    <property name="CommonProgramW6432" value="C:\Program Files\Common Files"/>
    <property name="ProgramFiles" value="C:\Program Files"/>
    <property name="PROMPT" value="$P$G"/>
    <property name="user.language" value="en"/>
    <property name="JOB_BASE_NAME" value="MySampleTestJob"/>
    <property name="RUN_CHANGES_DISPLAY_URL" value="http://localhost:8080/job/MySampleTestJob/12/display/redirect?page=changes"/>
    <property name="BUILD_DISPLAY_NAME" value="#12"/>
    <property name="OneDrive" value="C:\Users\Administrator\OneDrive"/>
    <property name="sun.boot.library.path" value="C:\Program Files\Java\jdk-11.0.8\bin"/>
    <property name="java.vm.compressedOopsMode" value="32-bit"/>
    <property name="LOCALAPPDATA" value="C:\Users\Administrator\AppData\Local"/>
    <property name="java.version" value="11.0.8"/>
    <property name="user.timezone" value="Asia/Calcutta"/>
    <property name="PROCESSOR_LEVEL" value="6"/>
    <property name="USERNAME" value="Administrator"/>
    <property name="sun.arch.data.model" value="64"/>
    <property name="NODE_NAME" value="master"/>
    <property name="BUILD_ID" value="12"/>
    <property name="sun.cpu.isalist" value="amd64"/>
    <property name="sun.jnu.encoding" value="Cp1252"/>
    <property name="maven.conf" value="C:\Users\Administrator\.jenkins\tools\hudson.tasks.Maven_MavenInstallation\MavenTest\conf"/>
    <property name="HOMEDRIVE" value="C:"/>
    <property name="file.separator" value="\"/>
    <property name="java.specification.name" value="Java Platform API Specification"/>
    <property name="java.class.version" value="55.0"/>
    <property name="=::" value="::\"/>
    <property name="org.slf4j.simpleLogger.defaultLogLevel" value="info"/>
    <property name="user.country" value="IN"/>
    <property name="ALLUSERSPROFILE" value="C:\ProgramData"/>
    <property name="java.home" value="C:\Program Files\Java\jdk-11.0.8"/>
    <property name="java.vm.info" value="mixed mode"/>
    <property name="os.version" value="10.0"/>
    <property name="=ExitCode" value="00000082"/>
    <property name="RUN_DISPLAY_URL" value="http://localhost:8080/job/MySampleTestJob/12/display/redirect"/>
    <property name="POM_VERSION" value="0.0.1-SNAPSHOT"/>
    <property name="TMP" value="C:\Users\ADMINI~1\AppData\Local\Temp"/>
    <property name="configsetroot" value="C:\WINDOWS\ConfigSetRoot"/>
    <property name="path.separator" value=";"/>
    <property name="RUN_ARTIFACTS_DISPLAY_URL" value="http://localhost:8080/job/MySampleTestJob/12/display/redirect?page=artifacts"/>
    <property name="java.vm.version" value="11.0.8+10-LTS"/>
    <property name="user.variant" value=""/>
    <property name="CommonProgramFiles(x86)" value="C:\Program Files (x86)\Common Files"/>
    <property name="JOB_DISPLAY_URL" value="http://localhost:8080/job/MySampleTestJob/display/redirect"/>
    <property name="USERDOMAIN_ROAMINGPROFILE" value="LAPTOP-U1D4JPEV"/>
    <property name="java.awt.printerjob" value="sun.awt.windows.WPrinterJob"/>
    <property name="CommonProgramFiles" value="C:\Program Files\Common Files"/>
    <property name="sun.io.unicode.encoding" value="UnicodeLittle"/>
    <property name="JAVA_HOME" value="C:\Program Files\Java\jdk-11.0.8"/>
    <property name="ComSpec" value="C:\WINDOWS\system32\cmd.exe"/>
    <property name="HOMEPATH" value="\Users\Administrator"/>
    <property name="awt.toolkit" value="sun.awt.windows.WToolkit"/>
    <property name="POM_PACKAGING" value="jar"/>
    <property name="COMPUTERNAME" value="LAPTOP-U1D4JPEV"/>
    <property name="user.script" value=""/>
    <property name="POM_GROUPID" value="org.cucumber.Bupa"/>
    <property name="user.home" value="C:\Users\Administrator"/>
    <property name="PUBLIC" value="C:\Users\Public"/>
    <property name="BUILD_TAG" value="jenkins-MySampleTestJob-12"/>
    <property name="JENKINS_SERVER_COOKIE" value="1ce6f7612cb12531"/>
    <property name="=E:" value="E:\Jenkins"/>
    <property name="HUDSON_URL" value="http://localhost:8080/"/>
    <property name="ProgramData" value="C:\ProgramData"/>
    <property name="java.version.date" value="2020-07-14"/>
    <property name="java.specification.vendor" value="Oracle Corporation"/>
    <property name="USERPROFILE" value="C:\Users\Administrator"/>
    <property name="CLASSPATH" value=""/>
    <property name="java.library.path" value="C:\Program Files\Java\jdk-11.0.8\bin;C:\WINDOWS\Sun\Java\bin;C:\WINDOWS\system32;C:\WINDOWS;C:\Users\Administrator\.jenkins\tools\hudson.tasks.Maven_MavenInstallation\MavenTest/bin;C:\Program Files\Java\jdk-11.0.8/bin;C:\Program Files\Java\jdk-11.0.8/bin;C:\Python39\Scripts\;C:\Python39\;C:\Program Files (x86)\Common Files\Oracle\Java\javapath;C:\Python38\Scripts\;C:\Python38\;C:\Program Files (x86)\Intel\Intel(R) Management Engine Components\iCLS\;C:\Program Files\Intel\Intel(R) Management Engine Components\iCLS\;C:\WINDOWS\system32;C:\WINDOWS;C:\WINDOWS\System32\Wbem;C:\WINDOWS\System32\WindowsPowerShell\v1.0\;C:\WINDOWS\System32\OpenSSH\;C:\Program Files (x86)\Intel\Intel(R) Management Engine Components\DAL;C:\Program Files\Intel\Intel(R) Management Engine Components\DAL;C:\Program Files (x86)\Intel\Intel(R) Management Engine Components\IPT;C:\Program Files\Intel\Intel(R) Management Engine Components\IPT;C:\Program Files\Java\jdk-11.0.8\;C:\ProgramData\chocolatey\bin;C:\Users\V.HARI KRISHNAN\scoop\apps\allure\2.13.5\bin;C:\Program Files\Git\cmd;C:\Users\Administrator\AppData\Roaming\npm;C:\Program Files\nodejs\;C:\Program Files\dotnet\;C:\Users\Administrator\AppData\Local\Microsoft\WindowsApps;C:\Program Files (x86)\Microsoft VS Code\bin;C:\Users\Administrator\AppData\Roaming\npm;C:\Users\Administrator\.dotnet\tools;."/>
    <property name="java.vendor.url" value="https://openjdk.java.net/"/>
    <property name="java.vm.vendor" value="Oracle Corporation"/>
    <property name="APPDATA" value="C:\Users\Administrator\AppData\Roaming"/>
    <property name="java.runtime.name" value="Java(TM) SE Runtime Environment"/>
    <property name="maven.home" value="C:\Users\Administrator\.jenkins\tools\hudson.tasks.Maven_MavenInstallation\MavenTest"/>
    <property name="java.class.path" value="C:\Users\Administrator\.jenkins\plugins\maven-plugin\WEB-INF\lib\maven35-agent-1.13.jar;C:\Users\Administrator\.jenkins\tools\hudson.tasks.Maven_MavenInstallation\MavenTest\boot\plexus-classworlds-2.6.0.jar;C:\Users\Administrator\.jenkins\tools\hudson.tasks.Maven_MavenInstallation\MavenTest/conf/logging"/>
    <property name="sun.java.command" value="jenkins.maven3.agent.Maven35Main C:\Users\Administrator\.jenkins\tools\hudson.tasks.Maven_MavenInstallation\MavenTest C:\Users\Administrator\.jenkins\war\WEB-INF\lib\remoting-4.10.jar C:\Users\Administrator\.jenkins\plugins\maven-plugin\WEB-INF\lib\maven35-interceptor-1.13.jar C:\Users\Administrator\.jenkins\plugins\maven-plugin\WEB-INF\lib\maven3-interceptor-commons-1.13.jar 49564"/>
    <property name="Path" value="C:\Program Files\Java\jdk-11.0.8/bin;C:\Python39\Scripts\;C:\Python39\;C:\Program Files (x86)\Common Files\Oracle\Java\javapath;C:\Python38\Scripts\;C:\Python38\;C:\Program Files (x86)\Intel\Intel(R) Management Engine Components\iCLS\;C:\Program Files\Intel\Intel(R) Management Engine Components\iCLS\;C:\WINDOWS\system32;C:\WINDOWS;C:\WINDOWS\System32\Wbem;C:\WINDOWS\System32\WindowsPowerShell\v1.0\;C:\WINDOWS\System32\OpenSSH\;C:\Program Files (x86)\Intel\Intel(R) Management Engine Components\DAL;C:\Program Files\Intel\Intel(R) Management Engine Components\DAL;C:\Program Files (x86)\Intel\Intel(R) Management Engine Components\IPT;C:\Program Files\Intel\Intel(R) Management Engine Components\IPT;C:\Program Files\Java\jdk-11.0.8\;C:\ProgramData\chocolatey\bin;C:\Users\V.HARI KRISHNAN\scoop\apps\allure\2.13.5\bin;C:\Program Files\Git\cmd;C:\Users\Administrator\AppData\Roaming\npm;C:\Program Files\nodejs\;C:\Program Files\dotnet\;C:\Users\Administrator\AppData\Local\Microsoft\WindowsApps;C:\Program Files (x86)\Microsoft VS Code\bin;C:\Users\Administrator\AppData\Roaming\npm;C:\Users\Administrator\.dotnet\tools"/>
    <property name="jdk.debug" value="release"/>
    <property name="PROCESSOR_ARCHITECTURE" value="AMD64"/>
    <property name="java.vm.specification.name" value="Java Virtual Machine Specification"/>
    <property name="jansi.mode" value="strip"/>
    <property name="PATH+JDK" value="C:\Program Files\Java\jdk-11.0.8/bin"/>
    <property name="SESSIONNAME" value="Console"/>
    <property name="PROCESSOR_IDENTIFIER" value="Intel64 Family 6 Model 142 Stepping 10, GenuineIntel"/>
    <property name="java.vm.specification.version" value="11"/>
    <property name="M2_HOME" value="C:\Users\Administrator\.jenkins\tools\hudson.tasks.Maven_MavenInstallation\MavenTest"/>
    <property name="sun.cpu.endian" value="little"/>
    <property name="sun.os.patch.level" value=""/>
    <property name="OS" value="Windows_NT"/>
    <property name="CI" value="true"/>
    <property name="java.io.tmpdir" value="C:\Users\ADMINI~1\AppData\Local\Temp\"/>
    <property name="HUDSON_HOME" value="C:\Users\Administrator\.jenkins"/>
    <property name="PATH+MAVEN" value="C:\Users\Administrator\.jenkins\tools\hudson.tasks.Maven_MavenInstallation\MavenTest/bin"/>
    <property name="ProgramFiles(x86)" value="C:\Program Files (x86)"/>
    <property name="java.vendor.url.bug" value="https://bugreport.java.com/bugreport/"/>
    <property name="BUILD_URL" value="http://localhost:8080/job/MySampleTestJob/12/"/>
    <property name="SystemRoot" value="C:\WINDOWS"/>
    <property name="os.arch" value="amd64"/>
    <property name="java.awt.graphicsenv" value="sun.awt.Win32GraphicsEnvironment"/>
    <property name="user.dir" value="E:\BupaAutomation"/>
    <property name="JOB_URL" value="http://localhost:8080/job/MySampleTestJob/"/>
    <property name="LOGONSERVER" value="\\LAPTOP-U1D4JPEV"/>
    <property name="USERDOMAIN" value="LAPTOP-U1D4JPEV"/>
    <property name="MAVEN_HOME" value="C:\Users\Administrator\.jenkins\tools\hudson.tasks.Maven_MavenInstallation\MavenTest"/>
    <property name="line.separator" value="
"/>
    <property name="java.vm.name" value="Java HotSpot(TM) 64-Bit Server VM"/>
    <property name="BUILD_NUMBER" value="12"/>
    <property name="PROCESSOR_REVISION" value="8e0a"/>
    <property name="JENKINS_URL" value="http://localhost:8080/"/>
    <property name="ProgramW6432" value="C:\Program Files"/>
    <property name="windir" value="C:\WINDOWS"/>
    <property name="file.encoding" value="Cp1252"/>
    <property name="SystemDrive" value="C:"/>
    <property name="maven3.interceptor" value="C:\Users\Administrator\.jenkins\plugins\maven-plugin\WEB-INF\lib\maven35-interceptor-1.13.jar"/>
    <property name="WORKSPACE_TMP" value="C:\Users\Administrator\.jenkins\workspace\MySampleTestJob@tmp"/>
    <property name="WORKSPACE" value="C:\Users\Administrator\.jenkins\workspace\MySampleTestJob"/>
    <property name="ChocolateyInstall" value="C:\ProgramData\chocolatey"/>
    <property name="maven3.interceptor.common" value="C:\Users\Administrator\.jenkins\plugins\maven-plugin\WEB-INF\lib\maven3-interceptor-commons-1.13.jar"/>
    <property name="PSModulePath" value="C:\Program Files\WindowsPowerShell\Modules;C:\WINDOWS\system32\WindowsPowerShell\v1.0\Modules"/>
    <property name="java.specification.version" value="11"/>
    <property name="DriverData" value="C:\Windows\System32\Drivers\DriverData"/>
    <property name="java.vendor.version" value="18.9"/>
  </properties>
  <testcase classname="| where you are | RegressionUI | config | config | UnitedkingdomPage | United Kingdom |" name="Given I am on the &quot;where you are&quot; login page of &quot;RegressionUI&quot; using &quot;config&quot; browser on &quot;config&quot;" time="0.004"/>
  <testcase classname="| where you are | RegressionUI | config | config | UnitedkingdomPage | United Kingdom |" name="When I click on country using &quot;United Kingdom&quot;" time="0"/>
  <testcase classname="| where you are | RegressionUI | config | config | UnitedkingdomPage | United Kingdom |" name="Then I should be navigated to the &quot;RegressionUI&quot; of &quot;UnitedkingdomPage&quot;" time="0"/>
  <testcase classname="| where you are | RegressionUI | config | config | UnitedkingdomPage | United Kingdom |" name="| where you are | RegressionUI | config | config | UnitedkingdomPage | United Kingdom |" time="3.5"/>
  <testcase classname="| where you are | RegressionUI | config | config | AustraliaPage | Australia |" name="Given I am on the &quot;where you are&quot; login page of &quot;RegressionUI&quot; using &quot;config&quot; browser on &quot;config&quot;" time="0"/>
  <testcase classname="| where you are | RegressionUI | config | config | AustraliaPage | Australia |" name="When I click on country using &quot;Australia&quot;" time="0"/>
  <testcase classname="| where you are | RegressionUI | config | config | AustraliaPage | Australia |" name="Then I should be navigated to the &quot;RegressionUI&quot; of &quot;AustraliaPage&quot;" time="0"/>
  <testcase classname="| where you are | RegressionUI | config | config | AustraliaPage | Australia |" name="| where you are | RegressionUI | config | config | AustraliaPage | Australia |" time="3.379"/>
  <testcase classname="| where you are | RegressionUI | config | config | ChilePage | Chile |" name="Given I am on the &quot;where you are&quot; login page of &quot;RegressionUI&quot; using &quot;config&quot; browser on &quot;config&quot;" time="0"/>
  <testcase classname="| where you are | RegressionUI | config | config | ChilePage | Chile |" name="When I click on country using &quot;Chile&quot;" time="0"/>
  <testcase classname="| where you are | RegressionUI | config | config | ChilePage | Chile |" name="Then I should be navigated to the &quot;RegressionUI&quot; of &quot;ChilePage&quot;" time="0.001"/>
  <testcase classname="| where you are | RegressionUI | config | config | ChilePage | Chile |" name="| where you are | RegressionUI | config | config | ChilePage | Chile |" time="2.857"/>
  <testcase classname="| where you are | RegressionUI | config | config | ChinaPage | China |" name="Given I am on the &quot;where you are&quot; login page of &quot;RegressionUI&quot; using &quot;config&quot; browser on &quot;config&quot;" time="0.001"/>
  <testcase classname="| where you are | RegressionUI | config | config | ChinaPage | China |" name="When I click on country using &quot;China&quot;" time="0"/>
  <testcase classname="| where you are | RegressionUI | config | config | ChinaPage | China |" name="Then I should be navigated to the &quot;RegressionUI&quot; of &quot;ChinaPage&quot;" time="0"/>
  <testcase classname="| where you are | RegressionUI | config | config | ChinaPage | China |" name="| where you are | RegressionUI | config | config | ChinaPage | China |" time="2.789"/>
  <testcase classname="| where you are | RegressionUI | config | config | HongkongPage | Hong Kong SAR |" name="Given I am on the &quot;where you are&quot; login page of &quot;RegressionUI&quot; using &quot;config&quot; browser on &quot;config&quot;" time="0"/>
  <testcase classname="| where you are | RegressionUI | config | config | HongkongPage | Hong Kong SAR |" name="When I click on country using &quot;Hong Kong SAR&quot;" time="0"/>
  <testcase classname="| where you are | RegressionUI | config | config | HongkongPage | Hong Kong SAR |" name="Then I should be navigated to the &quot;RegressionUI&quot; of &quot;HongkongPage&quot;" time="0"/>
  <testcase classname="| where you are | RegressionUI | config | config | HongkongPage | Hong Kong SAR |" name="| where you are | RegressionUI | config | config | HongkongPage | Hong Kong SAR |" time="2.809"/>
  <testcase classname="| where you are | RegressionUI | config | config | IndiaPage | India |" name="Given I am on the &quot;where you are&quot; login page of &quot;RegressionUI&quot; using &quot;config&quot; browser on &quot;config&quot;" time="0"/>
  <testcase classname="| where you are | RegressionUI | config | config | IndiaPage | India |" name="When I click on country using &quot;India&quot;" time="0"/>
  <testcase classname="| where you are | RegressionUI | config | config | IndiaPage | India |" name="Then I should be navigated to the &quot;RegressionUI&quot; of &quot;IndiaPage&quot;" time="0"/>
  <testcase classname="| where you are | RegressionUI | config | config | IndiaPage | India |" name="| where you are | RegressionUI | config | config | IndiaPage | India |" time="2.687"/>
  <testcase classname="| where you are | RegressionUI | config | config | NewzealandPage | New Zealand |" name="Given I am on the &quot;where you are&quot; login page of &quot;RegressionUI&quot; using &quot;config&quot; browser on &quot;config&quot;" time="0"/>
  <testcase classname="| where you are | RegressionUI | config | config | NewzealandPage | New Zealand |" name="When I click on country using &quot;New Zealand&quot;" time="0"/>
  <testcase classname="| where you are | RegressionUI | config | config | NewzealandPage | New Zealand |" name="Then I should be navigated to the &quot;RegressionUI&quot; of &quot;NewzealandPage&quot;" time="0"/>
  <testcase classname="| where you are | RegressionUI | config | config | NewzealandPage | New Zealand |" name="| where you are | RegressionUI | config | config | NewzealandPage | New Zealand |" time="2.764"/>
  <testcase classname="| where you are | RegressionUI | config | config | PolandPage | Poland |" name="Given I am on the &quot;where you are&quot; login page of &quot;RegressionUI&quot; using &quot;config&quot; browser on &quot;config&quot;" time="0"/>
  <testcase classname="| where you are | RegressionUI | config | config | PolandPage | Poland |" name="When I click on country using &quot;Poland&quot;" time="0"/>
  <testcase classname="| where you are | RegressionUI | config | config | PolandPage | Poland |" name="Then I should be navigated to the &quot;RegressionUI&quot; of &quot;PolandPage&quot;" time="0"/>
  <testcase classname="| where you are | RegressionUI | config | config | PolandPage | Poland |" name="| where you are | RegressionUI | config | config | PolandPage | Poland |" time="3.525"/>
  <testcase classname="| where you are | RegressionUI | config | config | SaudiarabiaPage | Saudi Arabia |" name="Given I am on the &quot;where you are&quot; login page of &quot;RegressionUI&quot; using &quot;config&quot; browser on &quot;config&quot;" time="0"/>
  <testcase classname="| where you are | RegressionUI | config | config | SaudiarabiaPage | Saudi Arabia |" name="When I click on country using &quot;Saudi Arabia&quot;" time="0.001"/>
  <testcase classname="| where you are | RegressionUI | config | config | SaudiarabiaPage | Saudi Arabia |" name="Then I should be navigated to the &quot;RegressionUI&quot; of &quot;SaudiarabiaPage&quot;" time="0"/>
  <testcase classname="| where you are | RegressionUI | config | config | SaudiarabiaPage | Saudi Arabia |" name="| where you are | RegressionUI | config | config | SaudiarabiaPage | Saudi Arabia |" time="2.712"/>
  <testcase classname="| where you are | RegressionUI | config | config | SpainPage | Spain |" name="Given I am on the &quot;where you are&quot; login page of &quot;RegressionUI&quot; using &quot;config&quot; browser on &quot;config&quot;" time="0.001"/>
  <testcase classname="| where you are | RegressionUI | config | config | SpainPage | Spain |" name="When I click on country using &quot;Spain&quot;" time="0"/>
  <testcase classname="| where you are | RegressionUI | config | config | SpainPage | Spain |" name="Then I should be navigated to the &quot;RegressionUI&quot; of &quot;SpainPage&quot;" time="0"/>
  <testcase classname="| where you are | RegressionUI | config | config | SpainPage | Spain |" name="| where you are | RegressionUI | config | config | SpainPage | Spain |" time="3.097"/>
  <testcase classname="| where you are | RegressionUI | config | config | WorldwidePage | Worldwide |" name="Given I am on the &quot;where you are&quot; login page of &quot;RegressionUI&quot; using &quot;config&quot; browser on &quot;config&quot;" time="0"/>
  <testcase classname="| where you are | RegressionUI | config | config | WorldwidePage | Worldwide |" name="When I click on country using &quot;Worldwide&quot;" time="0"/>
  <testcase classname="| where you are | RegressionUI | config | config | WorldwidePage | Worldwide |" name="Then I should be navigated to the &quot;RegressionUI&quot; of &quot;WorldwidePage&quot;" time="0"/>
  <testcase classname="| where you are | RegressionUI | config | config | WorldwidePage | Worldwide |" name="| where you are | RegressionUI | config | config | WorldwidePage | Worldwide |" time="2.747"/>
</testsuite>